c:\bomberman-upc\bomberman\bomberman\debug\vc140.pdb
c:\bomberman-upc\bomberman\bomberman\debug\player.obj
c:\bomberman-upc\bomberman\bomberman\debug\myform.obj
c:\bomberman-upc\bomberman\bomberman\debug\enemy.obj
c:\bomberman-upc\bomberman\bomberman\debug\.netframework,version=v4.5.2.assemblyattributes.obj
c:\bomberman-upc\bomberman\bomberman\debug\.netframework,version=v4.5.2.assemblyattributes.asm
c:\bomberman-upc\bomberman\bomberman\debug\bomberman.vcxprojresolveassemblyreference.cache
c:\bomberman-upc\bomberman\debug\bomberman.pdb
c:\bomberman-upc\bomberman\bomberman\debug\bomberman.tlog\cl.command.1.tlog
c:\bomberman-upc\bomberman\bomberman\debug\bomberman.tlog\cl.read.1.tlog
c:\bomberman-upc\bomberman\bomberman\debug\bomberman.tlog\cl.write.1.tlog
c:\bomberman-upc\bomberman\bomberman\debug\bomberman.tlog\link.2436.8176-cvtres.read.1.tlog
c:\bomberman-upc\bomberman\bomberman\debug\bomberman.tlog\link.2436.8176-cvtres.write.1.tlog
c:\bomberman-upc\bomberman\bomberman\debug\bomberman.tlog\link.2436.8176-rc.read.1.tlog
c:\bomberman-upc\bomberman\bomberman\debug\bomberman.tlog\link.2436.8176-rc.write.1.tlog
c:\bomberman-upc\bomberman\bomberman\debug\bomberman.tlog\link.2436.8176.read.1.tlog
c:\bomberman-upc\bomberman\bomberman\debug\bomberman.tlog\link.2436.8176.write.1.tlog
c:\bomberman-upc\bomberman\bomberman\debug\bomberman.tlog\link.2436.read.1.tlog
c:\bomberman-upc\bomberman\bomberman\debug\bomberman.tlog\link.2436.write.1.tlog
c:\bomberman-upc\bomberman\bomberman\debug\bomberman.tlog\link.348.9128-cvtres.read.1.tlog
c:\bomberman-upc\bomberman\bomberman\debug\bomberman.tlog\link.348.9128-cvtres.write.1.tlog
c:\bomberman-upc\bomberman\bomberman\debug\bomberman.tlog\link.348.9128-rc.read.1.tlog
c:\bomberman-upc\bomberman\bomberman\debug\bomberman.tlog\link.348.9128-rc.write.1.tlog
c:\bomberman-upc\bomberman\bomberman\debug\bomberman.tlog\link.348.9128.read.1.tlog
c:\bomberman-upc\bomberman\bomberman\debug\bomberman.tlog\link.348.9128.write.1.tlog
c:\bomberman-upc\bomberman\bomberman\debug\bomberman.tlog\link.348.read.1.tlog
c:\bomberman-upc\bomberman\bomberman\debug\bomberman.tlog\link.348.write.1.tlog
c:\bomberman-upc\bomberman\bomberman\debug\bomberman.tlog\link.4272.5468-cvtres.read.1.tlog
c:\bomberman-upc\bomberman\bomberman\debug\bomberman.tlog\link.4272.5468-cvtres.write.1.tlog
c:\bomberman-upc\bomberman\bomberman\debug\bomberman.tlog\link.4272.5468-rc.read.1.tlog
c:\bomberman-upc\bomberman\bomberman\debug\bomberman.tlog\link.4272.5468-rc.write.1.tlog
c:\bomberman-upc\bomberman\bomberman\debug\bomberman.tlog\link.4272.5468.read.1.tlog
c:\bomberman-upc\bomberman\bomberman\debug\bomberman.tlog\link.4272.5468.write.1.tlog
c:\bomberman-upc\bomberman\bomberman\debug\bomberman.tlog\link.4272.read.1.tlog
c:\bomberman-upc\bomberman\bomberman\debug\bomberman.tlog\link.4272.write.1.tlog
c:\bomberman-upc\bomberman\bomberman\debug\bomberman.tlog\link.command.1.tlog
c:\bomberman-upc\bomberman\bomberman\debug\bomberman.tlog\link.read.1.tlog
c:\bomberman-upc\bomberman\bomberman\debug\bomberman.tlog\link.write.1.tlog
c:\bomberman-upc\bomberman\bomberman\debug\bomberman.tlog\metagen.read.1.tlog
c:\bomberman-upc\bomberman\bomberman\debug\bomberman.tlog\metagen.write.1.tlog
c:\bomberman-upc\bomberman\bomberman\debug\bomberman.tlog\tzres.dll.bi
